<?xml version="1.0" encoding="UTF-8"?>
<Site BuildName="Linux-aarch64-linux-gnu-g++"
	BuildStamp="20230930-1257-Experimental"
	Name="zsw-rpi"
	Generator="ctest-3.18.4"
	CompilerName="/usr/bin/aarch64-linux-gnu-g++"
	CompilerVersion="10.2.1"
	OSName="Linux"
	Hostname="zsw-rpi"
	OSRelease="6.1.21-v8+"
	OSVersion="#1642 SMP PREEMPT Mon Apr  3 17:24:16 BST 2023"
	OSPlatform="aarch64"
	Is64Bits="1"
	VendorString=""
	VendorID="Unknown Manufacturer"
	FamilyID="8"
	ModelID="0"
	ProcessorCacheSize="0"
	NumberOfLogicalCPU="4"
	NumberOfPhysicalCPU="1"
	TotalVirtualMemory="99"
	TotalPhysicalMemory="7812"
	LogicalProcessorsPerPhysical="4"
	ProcessorClockFrequency="0"
	>
	<Testing>
		<StartDateTime>Sep 30 18:19 BST</StartDateTime>
		<StartTestTime>1696094393</StartTestTime>
		<TestList/>
		<EndDateTime>Sep 30 18:19 BST</EndDateTime>
		<EndTestTime>1696094393</EndTestTime>
		<ElapsedMinutes>0</ElapsedMinutes>
	</Testing>
</Site>
